This is pdfTeX, Version 3.14159265-2.6-1.40.20 (TeX Live 2019/Debian) (preloaded format=pdflatex 2021.1.23)  19 APR 2021 23:51
entering extended mode
 \write18 enabled.
 file:line:error style messages enabled.
 %&-line parsing enabled.
**/home/piotr/Documents/car-manager/docs/exercise/ex.tex
(/home/piotr/Documents/car-manager/docs/exercise/ex.tex
LaTeX2e <2020-02-02> patch level 2
L3 programming layer <2020-02-14> (/usr/share/texlive/texmf-dist/tex/latex/base/article.cls
Document Class: article 2019/12/20 v1.4l Standard LaTeX document class
(/usr/share/texlive/texmf-dist/tex/latex/base/size10.clo
File: size10.clo 2019/12/20 v1.4l Standard LaTeX file (size option)
)
\c@part=\count167
\c@section=\count168
\c@subsection=\count169
\c@subsubsection=\count170
\c@paragraph=\count171
\c@subparagraph=\count172
\c@figure=\count173
\c@table=\count174
\abovecaptionskip=\skip47
\belowcaptionskip=\skip48
\bibindent=\dimen134
) (/usr/share/texlive/texmf-dist/tex/latex/base/fontenc.sty
Package: fontenc 2020/02/11 v2.0o Standard LaTeX package
) (/usr/share/texlive/texmf-dist/tex/latex/graphics/graphicx.sty
Package: graphicx 2019/11/30 v1.2a Enhanced LaTeX Graphics (DPC,SPQR)
 (/usr/share/texlive/texmf-dist/tex/latex/graphics/keyval.sty
Package: keyval 2014/10/28 v1.15 key=value parser (DPC)
\KV@toks@=\toks14
) (/usr/share/texlive/texmf-dist/tex/latex/graphics/graphics.sty
Package: graphics 2019/11/30 v1.4a Standard LaTeX Graphics (DPC,SPQR)
 (/usr/share/texlive/texmf-dist/tex/latex/graphics/trig.sty
Package: trig 2016/01/03 v1.10 sin cos tan (DPC)
) (/usr/share/texlive/texmf-dist/tex/latex/graphics-cfg/graphics.cfg
File: graphics.cfg 2016/06/04 v1.11 sample graphics configuration
)
Package graphics Info: Driver file: pdftex.def on input line 105.
 (/usr/share/texlive/texmf-dist/tex/latex/graphics-def/pdftex.def
File: pdftex.def 2018/01/08 v1.0l Graphics/color driver for pdftex
))
\Gin@req@height=\dimen135
\Gin@req@width=\dimen136
) (/usr/share/texlive/texmf-dist/tex/latex/listings/listings.sty
\lst@mode=\count175
\lst@gtempboxa=\box45
\lst@token=\toks15
\lst@length=\count176
\lst@currlwidth=\dimen137
\lst@column=\count177
\lst@pos=\count178
\lst@lostspace=\dimen138
\lst@width=\dimen139
\lst@newlines=\count179
\lst@lineno=\count180
\lst@maxwidth=\dimen140
 (/usr/share/texlive/texmf-dist/tex/latex/listings/lstmisc.sty
File: lstmisc.sty 2019/09/10 1.8c (Carsten Heinz)
\c@lstnumber=\count181
\lst@skipnumbers=\count182
\lst@framebox=\box46
) (/usr/share/texlive/texmf-dist/tex/latex/listings/listings.cfg
File: listings.cfg 2019/09/10 1.8c listings configuration
))
Package: listings 2019/09/10 1.8c (Carsten Heinz)
 (/usr/share/texlive/texmf-dist/tex/latex/xcolor/xcolor.sty
Package: xcolor 2016/05/11 v2.12 LaTeX color extensions (UK)
 (/usr/share/texlive/texmf-dist/tex/latex/graphics-cfg/color.cfg
File: color.cfg 2016/01/02 v1.6 sample color configuration
)
Package xcolor Info: Driver file: pdftex.def on input line 225.
Package xcolor Info: Model `cmy' substituted by `cmy0' on input line 1348.
Package xcolor Info: Model `hsb' substituted by `rgb' on input line 1352.
Package xcolor Info: Model `RGB' extended on input line 1364.
Package xcolor Info: Model `HTML' substituted by `rgb' on input line 1366.
Package xcolor Info: Model `Hsb' substituted by `hsb' on input line 1367.
Package xcolor Info: Model `tHsb' substituted by `hsb' on input line 1368.
Package xcolor Info: Model `HSB' substituted by `hsb' on input line 1369.
Package xcolor Info: Model `Gray' substituted by `gray' on input line 1370.
Package xcolor Info: Model `wave' substituted by `hsb' on input line 1371.
) (/usr/share/texlive/texmf-dist/tex/latex/minted/minted.sty
Package: minted 2017/07/19 v2.5 Yet another Pygments shim for LaTeX
 (/usr/share/texlive/texmf-dist/tex/latex/kvoptions/kvoptions.sty
Package: kvoptions 2019/11/29 v3.13 Key value format for package options (HO)
 (/usr/share/texlive/texmf-dist/tex/generic/ltxcmds/ltxcmds.sty
Package: ltxcmds 2019/12/15 v1.24 LaTeX kernel commands for general use (HO)
) (/usr/share/texlive/texmf-dist/tex/generic/kvsetkeys/kvsetkeys.sty
Package: kvsetkeys 2019/12/15 v1.18 Key value parser (HO)
)) (/usr/share/texlive/texmf-dist/tex/latex/fvextra/fvextra.sty
Package: fvextra 2019/02/04 v1.4 fvextra - extensions and patches for fancyvrb
 (/usr/share/texlive/texmf-dist/tex/latex/base/ifthen.sty
Package: ifthen 2014/09/29 v1.1c Standard LaTeX ifthen package (DPC)
) (/usr/share/texlive/texmf-dist/tex/latex/etoolbox/etoolbox.sty
Package: etoolbox 2019/09/21 v2.5h e-TeX tools for LaTeX (JAW)
\etb@tempcnta=\count183
) (/usr/share/texlive/texmf-dist/tex/latex/fancyvrb/fancyvrb.sty
Package: fancyvrb 2020/01/13 v3.5 verbatim text (tvz,hv)
\FV@CodeLineNo=\count184
\FV@InFile=\read2
\FV@TabBox=\box47
\c@FancyVerbLine=\count185
\FV@StepNumber=\count186
\FV@OutFile=\write3
) (/usr/share/texlive/texmf-dist/tex/latex/upquote/upquote.sty
Package: upquote 2012/04/19 v1.3 upright-quote and grave-accent glyphs in verbatim
 (/usr/share/texlive/texmf-dist/tex/latex/base/textcomp.sty
Package: textcomp 2020/02/02 v2.0n Standard LaTeX package
)) (/usr/share/texlive/texmf-dist/tex/latex/lineno/lineno.sty
Package: lineno 2005/11/02 line numbers on paragraphs v4.41
\linenopenalty=\count187
\output=\toks16
\linenoprevgraf=\count188
\linenumbersep=\dimen141
\linenumberwidth=\dimen142
\c@linenumber=\count189
\c@pagewiselinenumber=\count190
\c@LN@truepage=\count191
\c@internallinenumber=\count192
\c@internallinenumbers=\count193
\quotelinenumbersep=\dimen143
\bframerule=\dimen144
\bframesep=\dimen145
\bframebox=\box48
LaTeX Info: Redefining \\ on input line 3056.
)
\c@FV@TrueTabGroupLevel=\count194
\c@FV@TrueTabCounter=\count195
\FV@TabBox@Group=\box49
\FV@TmpLength=\skip49
\c@FV@HighlightLinesStart=\count196
\c@FV@HighlightLinesStop=\count197
\FV@LoopCount=\count198
\FV@NCharsBox=\box50
\FV@BreakIndent=\dimen146
\FV@BreakIndentNChars=\count199
\FV@BreakSymbolSepLeft=\dimen147
\FV@BreakSymbolSepLeftNChars=\count266
\FV@BreakSymbolSepRight=\dimen148
\FV@BreakSymbolSepRightNChars=\count267
\FV@BreakSymbolIndentLeft=\dimen149
\FV@BreakSymbolIndentLeftNChars=\count268
\FV@BreakSymbolIndentRight=\dimen150
\FV@BreakSymbolIndentRightNChars=\count269
\c@FancyVerbLineBreakLast=\count270
\FV@LineBox=\box51
\FV@LineIndentBox=\box52
\FV@LineWidth=\dimen151
) (/usr/share/texlive/texmf-dist/tex/latex/tools/calc.sty
Package: calc 2017/05/25 v4.3 Infix arithmetic (KKT,FJ)
\calc@Acount=\count271
\calc@Bcount=\count272
\calc@Adimen=\dimen152
\calc@Bdimen=\dimen153
\calc@Askip=\skip50
\calc@Bskip=\skip51
LaTeX Info: Redefining \setlength on input line 80.
LaTeX Info: Redefining \addtolength on input line 81.
\calc@Ccount=\count273
\calc@Cskip=\skip52
) (/usr/share/texlive/texmf-dist/tex/latex/tools/shellesc.sty
Package: shellesc 2019/11/08 v1.0c unified shell escape interface for LaTeX
Package shellesc Info: Unrestricted shell escape enabled on input line 75.
) (/usr/share/texlive/texmf-dist/tex/latex/ifplatform/ifplatform.sty
Package: ifplatform 2017/10/13 v0.4a Testing for the operating system
 (/usr/share/texlive/texmf-dist/tex/latex/pdftexcmds/pdftexcmds.sty
Package: pdftexcmds 2019/11/24 v0.31 Utility functions of pdfTeX for LuaTeX (HO)
 (/usr/share/texlive/texmf-dist/tex/generic/infwarerr/infwarerr.sty
Package: infwarerr 2019/12/03 v1.5 Providing info/warning/error messages (HO)
) (/usr/share/texlive/texmf-dist/tex/generic/iftex/iftex.sty
Package: iftex 2019/11/07 v1.0c TeX engine tests
)
Package pdftexcmds Info: \pdf@primitive is available.
Package pdftexcmds Info: \pdf@ifprimitive is available.
Package pdftexcmds Info: \pdfdraftmode found.
) (/usr/share/texlive/texmf-dist/tex/generic/catchfile/catchfile.sty
Package: catchfile 2019/12/09 v1.8 Catch the contents of a file (HO)
 (/usr/share/texlive/texmf-dist/tex/generic/etexcmds/etexcmds.sty
Package: etexcmds 2019/12/15 v1.7 Avoid name clashes with e-TeX commands (HO)
)) (/usr/share/texlive/texmf-dist/tex/generic/iftex/ifluatex.sty
Package: ifluatex 2019/10/25 v1.5 ifluatex legacy package. Use iftex instead.
)
runsystem(uname -s > "ex.w18")...executed.

 (./ex.w18)
runsystem(rm -- "ex.w18")...executed.

) (/usr/share/texlive/texmf-dist/tex/generic/xstring/xstring.sty (/usr/share/texlive/texmf-dist/tex/generic/xstring/xstring.tex
\integerpart=\count274
\decimalpart=\count275
)
Package: xstring 2019/02/06 v1.83 String manipulations (CT)
) (/usr/share/texlive/texmf-dist/tex/latex/framed/framed.sty
Package: framed 2011/10/22 v 0.96: framed or shaded text with page breaks
\OuterFrameSep=\skip53
\fb@frw=\dimen154
\fb@frh=\dimen155
\FrameRule=\dimen156
\FrameSep=\dimen157
) (/usr/share/texlive/texmf-dist/tex/latex/float/float.sty
Package: float 2001/11/08 v1.3d Float enhancements (AL)
\c@float@type=\count276
\float@exts=\toks17
\float@box=\box53
\@float@everytoks=\toks18
\@floatcapt=\box54
)
\minted@appexistsfile=\read3
\minted@bgbox=\box55
\minted@code=\write4
\c@minted@FancyVerbLineTemp=\count277
\c@minted@pygmentizecounter=\count278
\@float@every@listing=\toks19
\c@listing=\count279
)
runsystem(mkdir -p _minted-ex)...executed.

 (/usr/share/texlive/texmf-dist/tex/latex/hyperref/hyperref.sty
Package: hyperref 2020/01/14 v7.00d Hypertext links for LaTeX
 (/usr/share/texlive/texmf-dist/tex/generic/kvdefinekeys/kvdefinekeys.sty
Package: kvdefinekeys 2019-12-19 v1.6 Define keys (HO)
) (/usr/share/texlive/texmf-dist/tex/generic/pdfescape/pdfescape.sty
Package: pdfescape 2019/12/09 v1.15 Implements pdfTeX's escape features (HO)
) (/usr/share/texlive/texmf-dist/tex/latex/hycolor/hycolor.sty
Package: hycolor 2020-01-27 v1.10 Color options for hyperref/bookmark (HO)
) (/usr/share/texlive/texmf-dist/tex/latex/letltxmacro/letltxmacro.sty
Package: letltxmacro 2019/12/03 v1.6 Let assignment for LaTeX macros (HO)
) (/usr/share/texlive/texmf-dist/tex/latex/auxhook/auxhook.sty
Package: auxhook 2019-12-17 v1.6 Hooks for auxiliary files (HO)
)
\@linkdim=\dimen158
\Hy@linkcounter=\count280
\Hy@pagecounter=\count281
 (/usr/share/texlive/texmf-dist/tex/latex/hyperref/pd1enc.def
File: pd1enc.def 2020/01/14 v7.00d Hyperref: PDFDocEncoding definition (HO)
Now handling font encoding PD1 ...
... no UTF-8 mapping file for font encoding PD1
) (/usr/share/texlive/texmf-dist/tex/generic/intcalc/intcalc.sty
Package: intcalc 2019/12/15 v1.3 Expandable calculations with integers (HO)
)
\Hy@SavedSpaceFactor=\count282
\pdfmajorversion=\count283
Package hyperref Info: Hyper figures OFF on input line 4547.
Package hyperref Info: Link nesting OFF on input line 4552.
Package hyperref Info: Hyper index ON on input line 4555.
Package hyperref Info: Plain pages OFF on input line 4562.
Package hyperref Info: Backreferencing OFF on input line 4567.
Package hyperref Info: Implicit mode ON; LaTeX internals redefined.
Package hyperref Info: Bookmarks ON on input line 4800.
\c@Hy@tempcnt=\count284
 (/usr/share/texlive/texmf-dist/tex/latex/url/url.sty
\Urlmuskip=\muskip16
Package: url 2013/09/16  ver 3.4  Verb mode for urls, etc.
)
LaTeX Info: Redefining \url on input line 5159.
\XeTeXLinkMargin=\dimen159
 (/usr/share/texlive/texmf-dist/tex/generic/bitset/bitset.sty
Package: bitset 2019/12/09 v1.3 Handle bit-vector datatype (HO)
 (/usr/share/texlive/texmf-dist/tex/generic/bigintcalc/bigintcalc.sty
Package: bigintcalc 2019/12/15 v1.5 Expandable calculations on big integers (HO)
))
\Fld@menulength=\count285
\Field@Width=\dimen160
\Fld@charsize=\dimen161
Package hyperref Info: Hyper figures OFF on input line 6430.
Package hyperref Info: Link nesting OFF on input line 6435.
Package hyperref Info: Hyper index ON on input line 6438.
Package hyperref Info: backreferencing OFF on input line 6445.
Package hyperref Info: Link coloring OFF on input line 6450.
Package hyperref Info: Link coloring with OCG OFF on input line 6455.
Package hyperref Info: PDF/A mode OFF on input line 6460.
LaTeX Info: Redefining \ref on input line 6500.
LaTeX Info: Redefining \pageref on input line 6504.
 (/usr/share/texlive/texmf-dist/tex/generic/atbegshi/atbegshi.sty
Package: atbegshi 2019/12/05 v1.19 At begin shipout hook (HO)
)
\Hy@abspage=\count286
\c@Item=\count287
\c@Hfootnote=\count288
)
Package hyperref Info: Driver (autodetected): hpdftex.
 (/usr/share/texlive/texmf-dist/tex/latex/hyperref/hpdftex.def
File: hpdftex.def 2020/01/14 v7.00d Hyperref driver for pdfTeX
 (/usr/share/texlive/texmf-dist/tex/latex/atveryend/atveryend.sty
Package: atveryend 2019-12-11 v1.11 Hooks at the very end of document (HO)
)
\Fld@listcount=\count289
\c@bookmark@seq@number=\count290
 (/usr/share/texlive/texmf-dist/tex/latex/rerunfilecheck/rerunfilecheck.sty
Package: rerunfilecheck 2019/12/05 v1.9 Rerun checks for auxiliary files (HO)
 (/usr/share/texlive/texmf-dist/tex/generic/uniquecounter/uniquecounter.sty
Package: uniquecounter 2019/12/15 v1.4 Provide unlimited unique counter (HO)
)
Package uniquecounter Info: New unique counter `rerunfilecheck' on input line 286.
)
\Hy@SectionHShift=\skip54
)
Package hyperref Info: Option `colorlinks' set `true' on input line 13.
runsystem(which pygmentize && touch ex.aex)...executed.

runsystem(rm ex.aex)...executed.

 (/usr/share/texlive/texmf-dist/tex/latex/l3backend/l3backend-pdfmode.def
File: l3backend-pdfmode.def 2020-02-03 L3 backend support: PDF mode
\l__kernel_color_stack_int=\count291
\l__pdf_internal_box=\box56
) (./ex.aux)
\openout1 = `ex.aux'.

LaTeX Font Info:    Checking defaults for OML/cmm/m/it on input line 17.
LaTeX Font Info:    ... okay on input line 17.
LaTeX Font Info:    Checking defaults for OMS/cmsy/m/n on input line 17.
LaTeX Font Info:    ... okay on input line 17.
LaTeX Font Info:    Checking defaults for OT1/cmr/m/n on input line 17.
LaTeX Font Info:    ... okay on input line 17.
LaTeX Font Info:    Checking defaults for T1/cmr/m/n on input line 17.
LaTeX Font Info:    ... okay on input line 17.
LaTeX Font Info:    Checking defaults for TS1/cmr/m/n on input line 17.
LaTeX Font Info:    ... okay on input line 17.
LaTeX Font Info:    Checking defaults for OMX/cmex/m/n on input line 17.
LaTeX Font Info:    ... okay on input line 17.
LaTeX Font Info:    Checking defaults for U/cmr/m/n on input line 17.
LaTeX Font Info:    ... okay on input line 17.
LaTeX Font Info:    Checking defaults for PD1/pdf/m/n on input line 17.
LaTeX Font Info:    ... okay on input line 17.
 (/usr/share/texlive/texmf-dist/tex/context/base/mkii/supp-pdf.mkii
[Loading MPS to PDF converter (version 2006.09.02).]
\scratchcounter=\count292
\scratchdimen=\dimen162
\scratchbox=\box57
\nofMPsegments=\count293
\nofMParguments=\count294
\everyMPshowfont=\toks20
\MPscratchCnt=\count295
\MPscratchDim=\dimen163
\MPnumerator=\count296
\makeMPintoPDFobject=\count297
\everyMPtoPDFconversion=\toks21
) (/usr/share/texlive/texmf-dist/tex/latex/epstopdf-pkg/epstopdf-base.sty
Package: epstopdf-base 2020-01-24 v2.11 Base part for package epstopdf
Package epstopdf-base Info: Redefining graphics rule for `.eps' on input line 485.
 (/usr/share/texlive/texmf-dist/tex/latex/latexconfig/epstopdf-sys.cfg
File: epstopdf-sys.cfg 2010/07/13 v1.3 Configuration of (r)epstopdf for TeX Live
))
\c@lstlisting=\count298
\AtBeginShipoutBox=\box58
Package hyperref Info: Link coloring ON on input line 17.
 (/usr/share/texlive/texmf-dist/tex/latex/hyperref/nameref.sty
Package: nameref 2019/09/16 v2.46 Cross-referencing by name of section
 (/usr/share/texlive/texmf-dist/tex/latex/refcount/refcount.sty
Package: refcount 2019/12/15 v3.6 Data extraction from label references (HO)
) (/usr/share/texlive/texmf-dist/tex/generic/gettitlestring/gettitlestring.sty
Package: gettitlestring 2019/12/15 v1.6 Cleanup title references (HO)
)
\c@section@level=\count299
)
LaTeX Info: Redefining \ref on input line 17.
LaTeX Info: Redefining \pageref on input line 17.
LaTeX Info: Redefining \nameref on input line 17.
 (./ex.out) (./ex.out)
\@outlinefile=\write5
\openout5 = `ex.out'.

LaTeX Font Info:    External font `cmex10' loaded for size
(Font)              <12> on input line 25.
LaTeX Font Info:    External font `cmex10' loaded for size
(Font)              <8> on input line 25.
LaTeX Font Info:    External font `cmex10' loaded for size
(Font)              <6> on input line 25.
LaTeX Font Info:    Trying to load font information for T1+cmtt on input line 25.
 (/usr/share/texlive/texmf-dist/tex/latex/base/t1cmtt.fd
File: t1cmtt.fd 2019/12/16 v2.5j Standard LaTeX font definitions
) [1

{/var/lib/texmf/fonts/map/pdftex/updmap/pdftex.map}] (./ex.toc
LaTeX Font Info:    External font `cmex10' loaded for size
(Font)              <7> on input line 5.
LaTeX Font Info:    External font `cmex10' loaded for size
(Font)              <5> on input line 5.
)
\tf@toc=\write6
\openout6 = `ex.toc'.

pdfTeX warning (ext4): destination with the same identifier (name{page.1}) has been already used, duplicate ignored
<to be read again> 
                   \relax 
l.29 
      [1]
Overfull \hbox (4.85901pt too wide) in paragraph at lines 54--55
\T1/cmr/m/n/10 Spring nie narzuca nic konkret-nego, jed-nak sko-rzys-tamy z pode-j±-cia jedna funkcji-
 []

[2]
<../img/tree.png, id=135, 244.66406pt x 302.63063pt>
File: ../img/tree.png Graphic file (type png)
<use ../img/tree.png>
Package pdftex.def Info: ../img/tree.png  used on input line 58.
(pdftex.def)             Requested size: 244.66345pt x 302.62988pt.

Overfull \hbox (12.98666pt too wide) in paragraph at lines 62--63
\T1/cmr/m/n/10 stworzy¢ ich dwadzie±-cia. By¢ mo»e stworze-nie bazy danych nie byªoby wyzwaniem,
 []

[3 <../img/tree.png (PNG copy)>]
\openout3 = `ex.pyg'.

 (./_minted-ex/default-pyg-prefix.pygstyle) (./_minted-ex/default.pygstyle) (./_minted-ex/4F2B7B4AC6F56FE188C69A8E3FA08C9A50E3B4560BEC7E1C3294E701A80BA937.pygtex
Overfull \hbox (14.47144pt too wide) in paragraph at lines 69--1
[]\T1/cmr/m/n/10 Niestaty jest to te» jej du»a bol¡czka, poniewa» za ka»dym razem gdy wyª¡czymy
 []

) [4]
\openout3 = `ex.pyg'.

 (./_minted-ex/58A8CEC05312437AF2F412896B8DB5392365A936169D73C27B01B3B3738667D7.pygtex
LaTeX Font Info:    Font shape `T1/cmtt/bx/n' in size <10> not available
(Font)              Font shape `T1/cmtt/m/n' tried instead on input line 5.
)
\openout3 = `ex.pyg'.

 (./_minted-ex/5FF6E1F25A79BA8FD19A082624798DC82365A936169D73C27B01B3B3738667D7.pygtex [5])
\openout3 = `ex.pyg'.

 (./_minted-ex/031D840A3E9940D20E4A28DCFF5452C62365A936169D73C27B01B3B3738667D7.pygtex)
\openout3 = `ex.pyg'.

 (./_minted-ex/D6654D8194BBD74D3793AFE440A689642365A936169D73C27B01B3B3738667D7.pygtex)
Overfull \hbox (1.16547pt too wide) in paragraph at lines 150--151
\T1/cmr/m/n/10 klien-cie, w którym znalazªby ref-er-encj¦ do samochdów jakie dany klient wyporzy-
 []


Overfull \hbox (0.67757pt too wide) in paragraph at lines 150--151
\T1/cmr/m/n/10 niesko«c-zonej rekurencji. Oczy-wi±-cie warto±¢ $\OML/cmm/m/it/10 LAZY$ \T1/cmr/m/n/10 jest ustaw-iana przez Spring
 []

[6]
\openout3 = `ex.pyg'.

 (./_minted-ex/E5CDD9AD4CFDCB4ABDF768E565BF95442365A936169D73C27B01B3B3738667D7.pygtex)
\openout3 = `ex.pyg'.

 (./_minted-ex/D1E295B6994B5EAA3169E8F5BC4E81B42365A936169D73C27B01B3B3738667D7.pygtex)
\openout3 = `ex.pyg'.

 (./_minted-ex/952D4B9DF96ADD0C50B02049EFA2EE272365A936169D73C27B01B3B3738667D7.pygtex [7])
\openout3 = `ex.pyg'.

 (./_minted-ex/451BABE6469223C5E25F6F8009643BBE2365A936169D73C27B01B3B3738667D7.pygtex)
\openout3 = `ex.pyg'.

 (./_minted-ex/880BB79EA803C1BB9399CA12D3292E5D2365A936169D73C27B01B3B3738667D7.pygtex)
\openout3 = `ex.pyg'.

 (./_minted-ex/B1D19530B474373D574AD200D811B2C22365A936169D73C27B01B3B3738667D7.pygtex)
\openout3 = `ex.pyg'.

 (./_minted-ex/E4AF97E727B994B0CCAF10A2D7F974112365A936169D73C27B01B3B3738667D7.pygtex [8])
\openout3 = `ex.pyg'.

 (./_minted-ex/87F2AE1143B5F11B34C4C22E366FA8202365A936169D73C27B01B3B3738667D7.pygtex)
\openout3 = `ex.pyg'.

 (./_minted-ex/2B445C30C1D8555856CA191FB5216A302365A936169D73C27B01B3B3738667D7.pygtex
Overfull \hbox (13.94385pt too wide) in paragraph at lines 226--1
\T1/cmr/m/n/10 U»ywaj¡c funkcji $\OML/cmm/m/it/10 CarRepository \OT1/cmr/m/n/10 :: \OML/cmm/m/it/10 find\OT1/cmr/m/n/10 ()$ \T1/cmr/m/n/10 otzy-mu-jemy spec-jalny obiekt - $\OML/cmm/m/it/10 Optional$\T1/cmr/m/n/10 .
 []


Overfull \hbox (53.84537pt too wide) in paragraph at lines 226--1
\T1/cmr/m/n/10 jd¹my na chwil¦ od naszej klasy ser-wisu i napiszmy wªa±nie u»yt¡ klas¦ $\OML/cmm/m/it/10 ProcessingException$ 
 []

)
\openout3 = `ex.pyg'.

 (./_minted-ex/99BBAFDC83A9D1541A0192AB51B040192365A936169D73C27B01B3B3738667D7.pygtex [9])
\openout3 = `ex.pyg'.

 (./_minted-ex/AE04512EBE5C15EAB2EEBB38B52431A12365A936169D73C27B01B3B3738667D7.pygtex [10] [11])
Overfull \hbox (7.69165pt too wide) in paragraph at lines 342--343
\T1/cmr/m/n/10 niesko«c-zonej rekurencji w obiek-tach DAO. Dla warstwy logiki biz-ne-sowej napraw-
 []


Overfull \hbox (7.49725pt too wide) in paragraph at lines 344--345
\T1/cmr/m/n/10 sªowach, gdzy b¦dziemy chcieli pokaza¢ co± u»ytkown-ikowi to zabi-jemy go nieko«c-
 []


Overfull \hbox (32.73184pt too wide) in paragraph at lines 344--345
\T1/cmr/m/n/10 zonym stru-mie-niem danych - nie do-brze. Stanie si¦ tak, poniewa» moduª odpowiedzialny
 []

\openout3 = `ex.pyg'.

(./_minted-ex/72E42DB2899C699A4881515A66CC75322365A936169D73C27B01B3B3738667D7.pygtex [12])
\openout3 = `ex.pyg'.

 (./_minted-ex/D057C9C4657CD0FB90F89F296F3EA4E52365A936169D73C27B01B3B3738667D7.pygtex [13])
Overfull \hbox (35.09238pt too wide) in paragraph at lines 411--412
\T1/cmr/m/n/10 Bedzie to obiekt odpowiedzialny za in-ter-akcj¦ u»ytkown-ika z samo-cho-dem. Chcieliby±my
 []

\openout3 = `ex.pyg'.

(./_minted-ex/99173648E32B7AF19D8B91569C18FBE12365A936169D73C27B01B3B3738667D7.pygtex) [14]
Overfull \hbox (0.41826pt too wide) in paragraph at lines 429--430
[]\T1/cmr/m/n/10 wskazuje na to jakie rz¡-da-nia maj¡ by¢ ob-sªugi-wane przez
 []

\openout3 = `ex.pyg'.

(./_minted-ex/1D23479ED64D8455631E3DAB0F96DD3E2365A936169D73C27B01B3B3738667D7.pygtex)
Overfull \hbox (1.40288pt too wide) in paragraph at lines 446--447
\T1/cmr/m/n/10 Jak widz-imy jest to prosty end-point, który wywoªa funkcj¦ $\OML/cmm/m/it/10 CarService \OT1/cmr/m/n/10 :: \OML/cmm/m/it/10 getOne$
 []

\openout3 = `ex.pyg'.

(./_minted-ex/D77929BE5CA98B3ED06B5FD05A5B28422365A936169D73C27B01B3B3738667D7.pygtex) [15]
\openout3 = `ex.pyg'.

 (./_minted-ex/5CC30501064871E2145FB808B88240AA2365A936169D73C27B01B3B3738667D7.pygtex)
\openout3 = `ex.pyg'.

 (./_minted-ex/CB1FA26E7DF6A2DA19994F7CA1C222CE2365A936169D73C27B01B3B3738667D7.pygtex [16])
Overfull \hbox (0.51117pt too wide) in paragraph at lines 523--524
[]\T1/cmr/m/n/10 w prze-ci-wie«st-wie do ad-no-tacji $\OT1/cmr/m/n/10 @\OML/cmm/m/it/10 PathVariable$\T1/cmr/m/n/10 , która szuka
 []

Package atveryend Info: Empty hook `BeforeClearDocument' on input line 540.
[17]
Package atveryend Info: Empty hook `AfterLastShipout' on input line 540.
 (./ex.aux)
Package atveryend Info: Executing hook `AtVeryEndDocument' on input line 540.
Package atveryend Info: Executing hook `AtEndAfterFileList' on input line 540.
Package rerunfilecheck Info: File `ex.out' has not changed.
(rerunfilecheck)             Checksum: 0E7ADA1917CBADFFCBC34DCD9EFAF5B4;1368.
runsystem(rm ex.pyg)...executed.

 ) 
Here is how much of TeX's memory you used:
 10515 strings out of 483183
 179737 string characters out of 5966292
 476425 words of memory out of 5000000
 25241 multiletter control sequences out of 15000+600000
 542111 words of font info for 44 fonts, out of 8000000 for 9000
 14 hyphenation exceptions out of 8191
 41i,6n,37p,1236b,566s stack positions out of 5000i,500n,10000p,200000b,80000s
 </home/piotr/.texlive2019/texmf-var/fonts/pk/ljfour/jknappen/ec/ectt1000.600pk> </home/piotr/.texlive2019/texmf-var/fonts/pk/ljfour/jknappen/ec/ecbx1200.600pk> </home/piotr/.texlive2019/texmf-var/fonts/pk/ljfour/jknappen/ec/tcrm1000.600pk> </home/piotr/.texlive2019/texmf-var/fonts/pk/ljfour/jknappen/ec/ecti1000.600pk> </home/piotr/.texlive2019/texmf-var/fonts/pk/ljfour/jknappen/ec/ecbx1000.600pk> </home/piotr/.texlive2019/texmf-var/fonts/pk/ljfour/jknappen/ec/ecbx1440.600pk> </home/piotr/.texlive2019/texmf-var/fonts/pk/ljfour/jknappen/ec/ecrm1000.600pk> </home/piotr/.texlive2019/texmf-var/fonts/pk/ljfour/jknappen/ec/ectt1200.600pk> </home/piotr/.texlive2019/texmf-var/fonts/pk/ljfour/jknappen/ec/ecrm1200.600pk> </home/piotr/.texlive2019/texmf-var/fonts/pk/ljfour/jknappen/ec/ecrm1728.600pk></usr/share/texlive/texmf-dist/fonts/type1/public/amsfonts/cm/cmmi10.pfb></usr/share/texlive/texmf-dist/fonts/type1/public/amsfonts/cm/cmr10.pfb></usr/share/texlive/texmf-dist/fonts/type1/public/amsfonts/cm/cmsy10.pfb>
Output written on ex.pdf (18 pages, 211147 bytes).
PDF statistics:
 640 PDF objects out of 1000 (max. 8388607)
 234 compressed objects within 3 object streams
 41 named destinations out of 1000 (max. 500000)
 182 words of extra memory for PDF output out of 10000 (max. 10000000)

